Using pre-set license
Built from '2020.2/staging' branch; Version is '2020.2.7f1 (c53830e277f1) revision 12924976'; Using compiler version '192528614'; Build Type 'Release'
OS: 'Windows 10 Pro; OS build 19043.928; Version 2009; 64bit' Language: 'en' Physical Memory: 32506 MB
BatchMode: 1, IsHumanControllingUs: 0, StartBugReporterOnCrash: 0, Is64bit: 1, IsPro: 0

 COMMAND LINE ARGUMENTS:
C:\Program Files\Unity\Editor\Unity.exe
-adb2
-batchMode
-noUpm
-name
AssetImportWorker0
-projectPath
C:/Users/OS/TheHeroOfBoom
-logFile
Logs/AssetImportWorker0.log
-srvPort
63618
Successfully changed project path to: C:/Users/OS/TheHeroOfBoom
C:/Users/OS/TheHeroOfBoom
Using Asset Import Pipeline V2.
Refreshing native plugins compatible for Editor in 36.91 ms, found 1 plugins.
Preloading 0 native plugins for Editor in 0.00 ms.
Initialize engine version: 2020.2.7f1 (c53830e277f1)
[Subsystems] Discovering subsystems at path C:/Program Files/Unity/Editor/Data/Resources/UnitySubsystems
[Subsystems] Discovering subsystems at path C:/Users/OS/TheHeroOfBoom/Assets
GfxDevice: creating device client; threaded=0
Direct3D:
    Version:  Direct3D 11.0 [level 11.1]
    Renderer: NVIDIA GeForce RTX 3080 (ID=0x2216)
    Vendor:   
    VRAM:     10078 MB
    Driver:   30.0.14.7239
Initialize mono
Mono path[0] = 'C:/Program Files/Unity/Editor/Data/Managed'
Mono path[1] = 'C:/Program Files/Unity/Editor/Data/MonoBleedingEdge/lib/mono/unityjit'
Mono config path = 'C:/Program Files/Unity/Editor/Data/MonoBleedingEdge/etc'
Using monoOptions --debugger-agent=transport=dt_socket,embedding=1,server=y,suspend=n,address=127.0.0.1:56300
Begin MonoManager ReloadAssembly
Registering precompiled unity dll's ...
Register platform support module: C:/Program Files/Unity/Editor/Data/PlaybackEngines/WindowsStandaloneSupport/UnityEditor.WindowsStandalone.Extensions.dll
Registered in 0.003475 seconds.
Native extension for WindowsStandalone target not found
Refreshing native plugins compatible for Editor in 34.37 ms, found 1 plugins.
Preloading 0 native plugins for Editor in 0.00 ms.
Invoked RoslynAnalysisRunner static constructor.
RoslynAnalysisRunner will not be running.
RoslynAnalysisRunner has terminated.
Mono: successfully reloaded assembly
- Completed reload, in  1.131 seconds
Platform modules already initialized, skipping
Registering precompiled user dll's ...
Registered in 0.001092 seconds.
Begin MonoManager ReloadAssembly
Native extension for WindowsStandalone target not found
Refreshing native plugins compatible for Editor in 40.58 ms, found 1 plugins.
Preloading 0 native plugins for Editor in 0.00 ms.
Invoked RoslynAnalysisRunner static constructor.
RoslynAnalysisRunner will not be running.
RoslynAnalysisRunner has terminated.
Mono: successfully reloaded assembly
- Completed reload, in  1.116 seconds
Platform modules already initialized, skipping
========================================================================
Worker process is ready to serve import requests
Launched and connected shader compiler UnityShaderCompiler.exe after 0.04 seconds
Refreshing native plugins compatible for Editor in 0.34 ms, found 1 plugins.
Preloading 0 native plugins for Editor in 0.00 ms.
Unloading 1814 Unused Serialized files (Serialized files now loaded: 0)
System memory in use before: 85.1 MB.
System memory in use after: 85.1 MB.

Unloading 23 unused Assets to reduce memory usage. Loaded Objects now: 2259.
Total: 2.162700 ms (FindLiveObjects: 0.167800 ms CreateObjectMapping: 0.082800 ms MarkObjects: 1.811500 ms  DeleteObjects: 0.099600 ms)

========================================================================
Received Import Request.
  path: Assets/Scripts/BlockController.cs
  artifactKey: Guid(0932c8bd199eb114ca4f2cac03d7c427) Importer(815301076,1909f56bfc062723c751e8b465ee728b)
Start importing Assets/Scripts/BlockController.cs using Guid(0932c8bd199eb114ca4f2cac03d7c427) Importer(815301076,1909f56bfc062723c751e8b465ee728b)  -> (artifact id: 'd05f7db56f73298a76e40c4327e0547e') in 0.020980 seconds
  Import took 0.023971 seconds .

========================================================================
Received Import Request.
  Time since last request: 0.000170 seconds.
  path: Assets/Scripts/BazziMovement.cs
  artifactKey: Guid(38e247f57454b194f8b9763fc68d3875) Importer(815301076,1909f56bfc062723c751e8b465ee728b)
Start importing Assets/Scripts/BazziMovement.cs using Guid(38e247f57454b194f8b9763fc68d3875) Importer(815301076,1909f56bfc062723c751e8b465ee728b)  -> (artifact id: '5139db91513723c03442f275b2b44aee') in 0.001924 seconds
  Import took 0.004414 seconds .

========================================================================
Received Prepare
Registering precompiled user dll's ...
Registered in 0.000887 seconds.
Begin MonoManager ReloadAssembly
Native extension for WindowsStandalone target not found
Refreshing native plugins compatible for Editor in 0.28 ms, found 1 plugins.
Preloading 0 native plugins for Editor in 0.00 ms.
Invoked RoslynAnalysisRunner static constructor.
RoslynAnalysisRunner will not be running.
RoslynAnalysisRunner has terminated.
Mono: successfully reloaded assembly
- Completed reload, in  0.686 seconds
Platform modules already initialized, skipping
Refreshing native plugins compatible for Editor in 0.24 ms, found 1 plugins.
Preloading 0 native plugins for Editor in 0.00 ms.
Unloading 1808 Unused Serialized files (Serialized files now loaded: 0)
System memory in use before: 85.0 MB.
System memory in use after: 85.0 MB.

Unloading 11 unused Assets to reduce memory usage. Loaded Objects now: 2263.
Total: 2.015200 ms (FindLiveObjects: 0.253300 ms CreateObjectMapping: 0.060800 ms MarkObjects: 1.599500 ms  DeleteObjects: 0.100700 ms)

========================================================================
Received Prepare
Registering precompiled user dll's ...
Registered in 0.000942 seconds.
Begin MonoManager ReloadAssembly
Native extension for WindowsStandalone target not found
Refreshing native plugins compatible for Editor in 0.29 ms, found 1 plugins.
Preloading 0 native plugins for Editor in 0.00 ms.
Invoked RoslynAnalysisRunner static constructor.
RoslynAnalysisRunner will not be running.
RoslynAnalysisRunner has terminated.
Mono: successfully reloaded assembly
- Completed reload, in  0.726 seconds
Platform modules already initialized, skipping
Refreshing native plugins compatible for Editor in 0.29 ms, found 1 plugins.
Preloading 0 native plugins for Editor in 0.00 ms.
Unloading 1808 Unused Serialized files (Serialized files now loaded: 0)
System memory in use before: 85.1 MB.
System memory in use after: 85.1 MB.

Unloading 11 unused Assets to reduce memory usage. Loaded Objects now: 2267.
Total: 1.550000 ms (FindLiveObjects: 0.169500 ms CreateObjectMapping: 0.065400 ms MarkObjects: 1.245600 ms  DeleteObjects: 0.068100 ms)

========================================================================
Received Prepare
Registering precompiled user dll's ...
Registered in 0.000848 seconds.
Begin MonoManager ReloadAssembly
Native extension for WindowsStandalone target not found
Refreshing native plugins compatible for Editor in 0.30 ms, found 1 plugins.
Preloading 0 native plugins for Editor in 0.00 ms.
Invoked RoslynAnalysisRunner static constructor.
RoslynAnalysisRunner will not be running.
RoslynAnalysisRunner has terminated.
Mono: successfully reloaded assembly
- Completed reload, in  0.687 seconds
Platform modules already initialized, skipping
Refreshing native plugins compatible for Editor in 0.27 ms, found 1 plugins.
Preloading 0 native plugins for Editor in 0.00 ms.
Unloading 1808 Unused Serialized files (Serialized files now loaded: 0)
System memory in use before: 85.1 MB.
System memory in use after: 85.1 MB.

Unloading 11 unused Assets to reduce memory usage. Loaded Objects now: 2271.
Total: 1.630700 ms (FindLiveObjects: 0.152200 ms CreateObjectMapping: 0.052000 ms MarkObjects: 1.363200 ms  DeleteObjects: 0.062500 ms)

========================================================================
Received Import Request.
  Time since last request: 471.564543 seconds.
  path: Assets/Enemies
  artifactKey: Guid(84410a3471947a444b9c3c55ee94f327) Importer(815301076,1909f56bfc062723c751e8b465ee728b)
Start importing Assets/Enemies using Guid(84410a3471947a444b9c3c55ee94f327) Importer(815301076,1909f56bfc062723c751e8b465ee728b)  -> (artifact id: '4836f922da430dfddc907324fb83708b') in 0.012644 seconds
  Import took 0.018215 seconds .

========================================================================
Received Import Request.
  Time since last request: 326.454453 seconds.
  path: Assets/Enemies/a1.png
  artifactKey: Guid(739d10d79e8707146bd471c2c0859ca9) Importer(815301076,1909f56bfc062723c751e8b465ee728b)
Start importing Assets/Enemies/a1.png using Guid(739d10d79e8707146bd471c2c0859ca9) Importer(815301076,1909f56bfc062723c751e8b465ee728b)  -> (artifact id: 'bf131e01694dc620628ec81026f4da0c') in 0.073949 seconds
  Import took 0.076372 seconds .

========================================================================
Received Import Request.
  Time since last request: 0.000221 seconds.
  path: Assets/Enemies/pr2.png
  artifactKey: Guid(2bcafa55e47c62140a7f49bbd2daf6c9) Importer(815301076,1909f56bfc062723c751e8b465ee728b)
Start importing Assets/Enemies/pr2.png using Guid(2bcafa55e47c62140a7f49bbd2daf6c9) Importer(815301076,1909f56bfc062723c751e8b465ee728b)  -> (artifact id: 'd0fdbdb2f13f0c606aafe9e505fa5fe4') in 0.008097 seconds
  Import took 0.010236 seconds .

========================================================================
Received Import Request.
  Time since last request: 0.000110 seconds.
  path: Assets/Enemies/pl2.png
  artifactKey: Guid(33a4f4798606678418e86b5478454735) Importer(815301076,1909f56bfc062723c751e8b465ee728b)
Start importing Assets/Enemies/pl2.png using Guid(33a4f4798606678418e86b5478454735) Importer(815301076,1909f56bfc062723c751e8b465ee728b)  -> (artifact id: 'c251d30f378f23946e280a9237edae32') in 0.009640 seconds
  Import took 0.012008 seconds .

========================================================================
Received Import Request.
  Time since last request: 0.000135 seconds.
  path: Assets/Enemies/pr1.png
  artifactKey: Guid(28fc471c499fd904396a7e59dc762d9c) Importer(815301076,1909f56bfc062723c751e8b465ee728b)
Start importing Assets/Enemies/pr1.png using Guid(28fc471c499fd904396a7e59dc762d9c) Importer(815301076,1909f56bfc062723c751e8b465ee728b)  -> (artifact id: '589d2292ccdf694b46c21f9952e11537') in 0.013441 seconds
  Import took 0.015556 seconds .

========================================================================
Received Import Request.
  Time since last request: 0.000116 seconds.
  path: Assets/Enemies/pu1.png
  artifactKey: Guid(eaeb273e8115c104bb29860f34a68054) Importer(815301076,1909f56bfc062723c751e8b465ee728b)
Start importing Assets/Enemies/pu1.png using Guid(eaeb273e8115c104bb29860f34a68054) Importer(815301076,1909f56bfc062723c751e8b465ee728b)  -> (artifact id: '092bab131ef014a84eacf30221f4486c') in 0.010110 seconds
  Import took 0.012234 seconds .

========================================================================
Received Import Request.
  Time since last request: 0.000112 seconds.
  path: Assets/Enemies/pd1.png
  artifactKey: Guid(c83e03c7bf8e4f042b04a62d9a366ae4) Importer(815301076,1909f56bfc062723c751e8b465ee728b)
Start importing Assets/Enemies/pd1.png using Guid(c83e03c7bf8e4f042b04a62d9a366ae4) Importer(815301076,1909f56bfc062723c751e8b465ee728b)  -> (artifact id: '8f3eb94a121992edeee2ffea297345dc') in 0.009030 seconds
  Import took 0.011373 seconds .

========================================================================
Received Import Request.
  Time since last request: 0.000095 seconds.
  path: Assets/Enemies/pr0.png
  artifactKey: Guid(bae276a11cf38934eb3a25d88195c536) Importer(815301076,1909f56bfc062723c751e8b465ee728b)
Start importing Assets/Enemies/pr0.png using Guid(bae276a11cf38934eb3a25d88195c536) Importer(815301076,1909f56bfc062723c751e8b465ee728b)  -> (artifact id: 'd5b73b965eef97a005d2472c218bdbb0') in 0.008607 seconds
  Import took 0.010806 seconds .

========================================================================
Received Import Request.
  Time since last request: 0.000131 seconds.
  path: Assets/Enemies/pl0.png
  artifactKey: Guid(1b81ae796c069df44974aad3bfaad817) Importer(815301076,1909f56bfc062723c751e8b465ee728b)
Start importing Assets/Enemies/pl0.png using Guid(1b81ae796c069df44974aad3bfaad817) Importer(815301076,1909f56bfc062723c751e8b465ee728b)  -> (artifact id: '446c14c6b8b441e4e9909c24ab4e38fe') in 0.012015 seconds
  Import took 0.013999 seconds .

========================================================================
Received Import Request.
  Time since last request: 0.000098 seconds.
  path: Assets/Enemies/pl3.png
  artifactKey: Guid(663a6a3e52587c54ea2e3f4e86077a0c) Importer(815301076,1909f56bfc062723c751e8b465ee728b)
Start importing Assets/Enemies/pl3.png using Guid(663a6a3e52587c54ea2e3f4e86077a0c) Importer(815301076,1909f56bfc062723c751e8b465ee728b)  -> (artifact id: '9f5a9a2d5e4cec00471ed4fb939390ce') in 0.006021 seconds
  Import took 0.007790 seconds .

========================================================================
Received Import Request.
  Time since last request: 0.000090 seconds.
  path: Assets/Enemies/pu2.png
  artifactKey: Guid(5ae48db6005b2184d8bec431d8fab904) Importer(815301076,1909f56bfc062723c751e8b465ee728b)
Start importing Assets/Enemies/pu2.png using Guid(5ae48db6005b2184d8bec431d8fab904) Importer(815301076,1909f56bfc062723c751e8b465ee728b)  -> (artifact id: 'b5ad7989c91fd1186aa0ae89a8bad9c9') in 0.005755 seconds
  Import took 0.007583 seconds .

========================================================================
Received Import Request.
  Time since last request: 0.000137 seconds.
  path: Assets/Enemies/pr3.png
  artifactKey: Guid(ae22d96f87e07e74ab3cc8064c04509b) Importer(815301076,1909f56bfc062723c751e8b465ee728b)
Start importing Assets/Enemies/pr3.png using Guid(ae22d96f87e07e74ab3cc8064c04509b) Importer(815301076,1909f56bfc062723c751e8b465ee728b)  -> (artifact id: 'd03ebe7266b03620293f09c699371105') in 0.005719 seconds
  Import took 0.007384 seconds .

========================================================================
Received Import Request.
  Time since last request: 0.000147 seconds.
  path: Assets/Enemies/a2.png
  artifactKey: Guid(b95435d1db8ca1241af189eabf69f84f) Importer(815301076,1909f56bfc062723c751e8b465ee728b)
Start importing Assets/Enemies/a2.png using Guid(b95435d1db8ca1241af189eabf69f84f) Importer(815301076,1909f56bfc062723c751e8b465ee728b)  -> (artifact id: '9d4eeff5260b39cc843da133957ad1b1') in 0.005415 seconds
  Import took 0.007386 seconds .

========================================================================
Received Import Request.
  Time since last request: 0.000083 seconds.
  path: Assets/Enemies/pu3.png
  artifactKey: Guid(0ee3165d1d526274b8e11e617550dca1) Importer(815301076,1909f56bfc062723c751e8b465ee728b)
Start importing Assets/Enemies/pu3.png using Guid(0ee3165d1d526274b8e11e617550dca1) Importer(815301076,1909f56bfc062723c751e8b465ee728b)  -> (artifact id: '0f24f229e16858d1188b89c62224071d') in 0.005945 seconds
  Import took 0.007688 seconds .

========================================================================
Received Import Request.
  Time since last request: 0.000099 seconds.
  path: Assets/Enemies/pd0.png
  artifactKey: Guid(84b04978b14c29e498de00b8ea7e530e) Importer(815301076,1909f56bfc062723c751e8b465ee728b)
Start importing Assets/Enemies/pd0.png using Guid(84b04978b14c29e498de00b8ea7e530e) Importer(815301076,1909f56bfc062723c751e8b465ee728b)  -> (artifact id: 'c122427ac6dc9155b055dc8311ab760b') in 0.005612 seconds
  Import took 0.007403 seconds .

========================================================================
Received Import Request.
  Time since last request: 0.000096 seconds.
  path: Assets/Enemies/pd2.png
  artifactKey: Guid(ad34868f8edbf96438a573579949b123) Importer(815301076,1909f56bfc062723c751e8b465ee728b)
Start importing Assets/Enemies/pd2.png using Guid(ad34868f8edbf96438a573579949b123) Importer(815301076,1909f56bfc062723c751e8b465ee728b)  -> (artifact id: 'f85e9ff6d07d6161c25e86b4ae866080') in 0.005396 seconds
  Import took 0.007176 seconds .

========================================================================
Received Import Request.
  Time since last request: 0.000157 seconds.
  path: Assets/Enemies/a3.png
  artifactKey: Guid(8ef66853f12e086439bb4f82a3850b9e) Importer(815301076,1909f56bfc062723c751e8b465ee728b)
Start importing Assets/Enemies/a3.png using Guid(8ef66853f12e086439bb4f82a3850b9e) Importer(815301076,1909f56bfc062723c751e8b465ee728b)  -> (artifact id: '76bafa56f109d5085b4f8ab9e3732156') in 0.006537 seconds
  Import took 0.008345 seconds .

========================================================================
Received Import Request.
  Time since last request: 0.000102 seconds.
  path: Assets/Enemies/pu0.png
  artifactKey: Guid(7443418ee2b9ff042b2f9e03d84b9b9b) Importer(815301076,1909f56bfc062723c751e8b465ee728b)
Start importing Assets/Enemies/pu0.png using Guid(7443418ee2b9ff042b2f9e03d84b9b9b) Importer(815301076,1909f56bfc062723c751e8b465ee728b)  -> (artifact id: 'fc2f9f706337888effb26394baa1c270') in 0.005378 seconds
  Import took 0.007325 seconds .

========================================================================
Received Import Request.
  Time since last request: 0.000154 seconds.
  path: Assets/Enemies/pl1.png
  artifactKey: Guid(4965ebd1257edb8468339caffea0f1e3) Importer(815301076,1909f56bfc062723c751e8b465ee728b)
Start importing Assets/Enemies/pl1.png using Guid(4965ebd1257edb8468339caffea0f1e3) Importer(815301076,1909f56bfc062723c751e8b465ee728b)  -> (artifact id: 'a183538eb900b177198ce1324ff745d1') in 0.005500 seconds
  Import took 0.007378 seconds .

========================================================================
Received Import Request.
  Time since last request: 0.000147 seconds.
  path: Assets/Enemies/pd3.png
  artifactKey: Guid(c458ffa14f754c64aae0c7de77252169) Importer(815301076,1909f56bfc062723c751e8b465ee728b)
Start importing Assets/Enemies/pd3.png using Guid(c458ffa14f754c64aae0c7de77252169) Importer(815301076,1909f56bfc062723c751e8b465ee728b)  -> (artifact id: '6320ccc0bce92f59f5f10daa98edb470') in 0.005583 seconds
  Import took 0.007456 seconds .

========================================================================
Received Import Request.
  Time since last request: 46.723563 seconds.
  path: Assets/Enemies/a1.png
  artifactKey: Guid(739d10d79e8707146bd471c2c0859ca9) Importer(815301076,1909f56bfc062723c751e8b465ee728b)
Start importing Assets/Enemies/a1.png using Guid(739d10d79e8707146bd471c2c0859ca9) Importer(815301076,1909f56bfc062723c751e8b465ee728b)  -> (artifact id: 'c36aa52fc61b5cc329ea1624a7e669e1') in 0.010854 seconds
  Import took 0.013245 seconds .

========================================================================
Received Import Request.
  Time since last request: 0.000138 seconds.
  path: Assets/Enemies/pr2.png
  artifactKey: Guid(2bcafa55e47c62140a7f49bbd2daf6c9) Importer(815301076,1909f56bfc062723c751e8b465ee728b)
Start importing Assets/Enemies/pr2.png using Guid(2bcafa55e47c62140a7f49bbd2daf6c9) Importer(815301076,1909f56bfc062723c751e8b465ee728b)  -> (artifact id: 'ba6d8f910a5627f346094bec1d2be3d9') in 0.005517 seconds
  Import took 0.007824 seconds .

========================================================================
Received Import Request.
  Time since last request: 0.000134 seconds.
  path: Assets/Enemies/pl2.png
  artifactKey: Guid(33a4f4798606678418e86b5478454735) Importer(815301076,1909f56bfc062723c751e8b465ee728b)
Start importing Assets/Enemies/pl2.png using Guid(33a4f4798606678418e86b5478454735) Importer(815301076,1909f56bfc062723c751e8b465ee728b)  -> (artifact id: 'edb0e0bffbdd07849d45f4f61e2cbe2d') in 0.007566 seconds
  Import took 0.009940 seconds .

========================================================================
Received Import Request.
  Time since last request: 0.000132 seconds.
  path: Assets/Enemies/pr1.png
  artifactKey: Guid(28fc471c499fd904396a7e59dc762d9c) Importer(815301076,1909f56bfc062723c751e8b465ee728b)
Start importing Assets/Enemies/pr1.png using Guid(28fc471c499fd904396a7e59dc762d9c) Importer(815301076,1909f56bfc062723c751e8b465ee728b)  -> (artifact id: 'c0067a4b6185b190e48caec7389746da') in 0.010534 seconds
  Import took 0.012849 seconds .

========================================================================
Received Import Request.
  Time since last request: 0.000120 seconds.
  path: Assets/Enemies/pu1.png
  artifactKey: Guid(eaeb273e8115c104bb29860f34a68054) Importer(815301076,1909f56bfc062723c751e8b465ee728b)
Start importing Assets/Enemies/pu1.png using Guid(eaeb273e8115c104bb29860f34a68054) Importer(815301076,1909f56bfc062723c751e8b465ee728b)  -> (artifact id: 'e3c317a09a57d43c1acc7e2f19a768bb') in 0.007561 seconds
  Import took 0.010110 seconds .

========================================================================
Received Import Request.
  Time since last request: 0.000110 seconds.
  path: Assets/Enemies/pd1.png
  artifactKey: Guid(c83e03c7bf8e4f042b04a62d9a366ae4) Importer(815301076,1909f56bfc062723c751e8b465ee728b)
Start importing Assets/Enemies/pd1.png using Guid(c83e03c7bf8e4f042b04a62d9a366ae4) Importer(815301076,1909f56bfc062723c751e8b465ee728b)  -> (artifact id: '44efb1092528b94d80a8fe18c792af56') in 0.008737 seconds
  Import took 0.010792 seconds .

========================================================================
Received Import Request.
  Time since last request: 0.000116 seconds.
  path: Assets/Enemies/pr0.png
  artifactKey: Guid(bae276a11cf38934eb3a25d88195c536) Importer(815301076,1909f56bfc062723c751e8b465ee728b)
Start importing Assets/Enemies/pr0.png using Guid(bae276a11cf38934eb3a25d88195c536) Importer(815301076,1909f56bfc062723c751e8b465ee728b)  -> (artifact id: '37b209f5c47bc661d3b094bd521ef947') in 0.012281 seconds
  Import took 0.015118 seconds .

========================================================================
Received Import Request.
  Time since last request: 0.000120 seconds.
  path: Assets/Enemies/pl0.png
  artifactKey: Guid(1b81ae796c069df44974aad3bfaad817) Importer(815301076,1909f56bfc062723c751e8b465ee728b)
Start importing Assets/Enemies/pl0.png using Guid(1b81ae796c069df44974aad3bfaad817) Importer(815301076,1909f56bfc062723c751e8b465ee728b)  -> (artifact id: '2817dba188ab6c8f88938caa24bf4d2c') in 0.015518 seconds
  Import took 0.017896 seconds .

========================================================================
Received Import Request.
  Time since last request: 0.000157 seconds.
  path: Assets/Enemies/pl3.png
  artifactKey: Guid(663a6a3e52587c54ea2e3f4e86077a0c) Importer(815301076,1909f56bfc062723c751e8b465ee728b)
Start importing Assets/Enemies/pl3.png using Guid(663a6a3e52587c54ea2e3f4e86077a0c) Importer(815301076,1909f56bfc062723c751e8b465ee728b)  -> (artifact id: '9541f82d9bc22b38791eb9a5f485e282') in 0.008858 seconds
  Import took 0.010840 seconds .

========================================================================
Received Import Request.
  Time since last request: 0.000229 seconds.
  path: Assets/Enemies/pu2.png
  artifactKey: Guid(5ae48db6005b2184d8bec431d8fab904) Importer(815301076,1909f56bfc062723c751e8b465ee728b)
Start importing Assets/Enemies/pu2.png using Guid(5ae48db6005b2184d8bec431d8fab904) Importer(815301076,1909f56bfc062723c751e8b465ee728b)  -> (artifact id: '56902e1ff3f9e0a461f13279f8c3787f') in 0.014918 seconds
  Import took 0.017087 seconds .

========================================================================
Received Import Request.
  Time since last request: 0.000210 seconds.
  path: Assets/Enemies/pr3.png
  artifactKey: Guid(ae22d96f87e07e74ab3cc8064c04509b) Importer(815301076,1909f56bfc062723c751e8b465ee728b)
Start importing Assets/Enemies/pr3.png using Guid(ae22d96f87e07e74ab3cc8064c04509b) Importer(815301076,1909f56bfc062723c751e8b465ee728b)  -> (artifact id: 'fac3bec16d7b3245ea3cb7729956efea') in 0.007507 seconds
  Import took 0.009588 seconds .

========================================================================
Received Import Request.
  Time since last request: 0.000201 seconds.
  path: Assets/Enemies/a2.png
  artifactKey: Guid(b95435d1db8ca1241af189eabf69f84f) Importer(815301076,1909f56bfc062723c751e8b465ee728b)
Start importing Assets/Enemies/a2.png using Guid(b95435d1db8ca1241af189eabf69f84f) Importer(815301076,1909f56bfc062723c751e8b465ee728b)  -> (artifact id: '64f1c0bcc50566f822f4fea06df30b25') in 0.010501 seconds
  Import took 0.012649 seconds .

========================================================================
Received Import Request.
  Time since last request: 0.000204 seconds.
  path: Assets/Enemies/pu3.png
  artifactKey: Guid(0ee3165d1d526274b8e11e617550dca1) Importer(815301076,1909f56bfc062723c751e8b465ee728b)
Start importing Assets/Enemies/pu3.png using Guid(0ee3165d1d526274b8e11e617550dca1) Importer(815301076,1909f56bfc062723c751e8b465ee728b)  -> (artifact id: '309212d270716edd9ee5c349f1c419d9') in 0.011965 seconds
  Import took 0.014274 seconds .

========================================================================
Received Import Request.
  Time since last request: 0.000103 seconds.
  path: Assets/Enemies/pd0.png
  artifactKey: Guid(84b04978b14c29e498de00b8ea7e530e) Importer(815301076,1909f56bfc062723c751e8b465ee728b)
Start importing Assets/Enemies/pd0.png using Guid(84b04978b14c29e498de00b8ea7e530e) Importer(815301076,1909f56bfc062723c751e8b465ee728b)  -> (artifact id: '2413b945e486276861a60fa3758f04cb') in 0.010831 seconds
  Import took 0.013200 seconds .

========================================================================
Received Import Request.
  Time since last request: 0.000136 seconds.
  path: Assets/Enemies/pd2.png
  artifactKey: Guid(ad34868f8edbf96438a573579949b123) Importer(815301076,1909f56bfc062723c751e8b465ee728b)
Start importing Assets/Enemies/pd2.png using Guid(ad34868f8edbf96438a573579949b123) Importer(815301076,1909f56bfc062723c751e8b465ee728b)  -> (artifact id: '1fff8acc2c63fd82669652f5c45ee54f') in 0.009401 seconds
  Import took 0.011476 seconds .

========================================================================
Received Import Request.
  Time since last request: 0.000193 seconds.
  path: Assets/Enemies/a3.png
  artifactKey: Guid(8ef66853f12e086439bb4f82a3850b9e) Importer(815301076,1909f56bfc062723c751e8b465ee728b)
Start importing Assets/Enemies/a3.png using Guid(8ef66853f12e086439bb4f82a3850b9e) Importer(815301076,1909f56bfc062723c751e8b465ee728b)  -> (artifact id: '70a7f8a17de7a753faca00562accc235') in 0.005581 seconds
  Import took 0.007635 seconds .

========================================================================
Received Import Request.
  Time since last request: 0.000195 seconds.
  path: Assets/Enemies/pu0.png
  artifactKey: Guid(7443418ee2b9ff042b2f9e03d84b9b9b) Importer(815301076,1909f56bfc062723c751e8b465ee728b)
Start importing Assets/Enemies/pu0.png using Guid(7443418ee2b9ff042b2f9e03d84b9b9b) Importer(815301076,1909f56bfc062723c751e8b465ee728b)  -> (artifact id: '5bedf88a59da86a3bf0a1f4738621288') in 0.011965 seconds
  Import took 0.014076 seconds .

========================================================================
Received Import Request.
  Time since last request: 0.000194 seconds.
  path: Assets/Enemies/pl1.png
  artifactKey: Guid(4965ebd1257edb8468339caffea0f1e3) Importer(815301076,1909f56bfc062723c751e8b465ee728b)
Start importing Assets/Enemies/pl1.png using Guid(4965ebd1257edb8468339caffea0f1e3) Importer(815301076,1909f56bfc062723c751e8b465ee728b)  -> (artifact id: '69595d1f77331a971431bcd55a5bae12') in 0.006899 seconds
  Import took 0.008955 seconds .

========================================================================
Received Import Request.
  Time since last request: 0.000141 seconds.
  path: Assets/Enemies/pd3.png
  artifactKey: Guid(c458ffa14f754c64aae0c7de77252169) Importer(815301076,1909f56bfc062723c751e8b465ee728b)
Start importing Assets/Enemies/pd3.png using Guid(c458ffa14f754c64aae0c7de77252169) Importer(815301076,1909f56bfc062723c751e8b465ee728b)  -> (artifact id: 'ba47ec08f5f6d716af393c33841fc04d') in 0.010258 seconds
  Import took 0.012337 seconds .

========================================================================
Received Import Request.
  Time since last request: 181.750778 seconds.
  path: Assets/Animations/Enemy#Ghost.controller
  artifactKey: Guid(87276a485b116d8409837cfb5cb0c1f2) Importer(815301076,1909f56bfc062723c751e8b465ee728b)
Start importing Assets/Animations/Enemy#Ghost.controller using Guid(87276a485b116d8409837cfb5cb0c1f2) Importer(815301076,1909f56bfc062723c751e8b465ee728b)  -> (artifact id: 'a5d572506b0950e0e98f361fdf325e01') in 0.004717 seconds
  Import took 0.015731 seconds .

========================================================================
Received Import Request.
  Time since last request: 0.001185 seconds.
  path: Assets/Animations/Enemy#Ghost.controller
  artifactKey: Guid(87276a485b116d8409837cfb5cb0c1f2) Importer(815301076,1909f56bfc062723c751e8b465ee728b)
Start importing Assets/Animations/Enemy#Ghost.controller using Guid(87276a485b116d8409837cfb5cb0c1f2) Importer(815301076,1909f56bfc062723c751e8b465ee728b)  -> (artifact id: 'a5d572506b0950e0e98f361fdf325e01') in 0.001972 seconds
  Import took 0.003895 seconds .

========================================================================
Received Prepare
Registering precompiled user dll's ...
Registered in 0.000946 seconds.
Begin MonoManager ReloadAssembly
Native extension for WindowsStandalone target not found
Refreshing native plugins compatible for Editor in 0.32 ms, found 1 plugins.
Preloading 0 native plugins for Editor in 0.00 ms.
Invoked RoslynAnalysisRunner static constructor.
RoslynAnalysisRunner will not be running.
RoslynAnalysisRunner has terminated.
Mono: successfully reloaded assembly
- Completed reload, in  0.838 seconds
Platform modules already initialized, skipping
Refreshing native plugins compatible for Editor in 0.31 ms, found 1 plugins.
Preloading 0 native plugins for Editor in 0.00 ms.
Unloading 1808 Unused Serialized files (Serialized files now loaded: 0)
System memory in use before: 88.2 MB.
System memory in use after: 88.3 MB.

Unloading 11 unused Assets to reduce memory usage. Loaded Objects now: 2307.
Total: 1.686800 ms (FindLiveObjects: 0.155500 ms CreateObjectMapping: 0.064500 ms MarkObjects: 1.396700 ms  DeleteObjects: 0.069500 ms)

========================================================================
Received Prepare
Registering precompiled user dll's ...
Registered in 0.000825 seconds.
Begin MonoManager ReloadAssembly
Native extension for WindowsStandalone target not found
Refreshing native plugins compatible for Editor in 0.32 ms, found 1 plugins.
Preloading 0 native plugins for Editor in 0.00 ms.
Invoked RoslynAnalysisRunner static constructor.
RoslynAnalysisRunner will not be running.
RoslynAnalysisRunner has terminated.
Mono: successfully reloaded assembly
- Completed reload, in  0.728 seconds
Platform modules already initialized, skipping
Refreshing native plugins compatible for Editor in 0.29 ms, found 1 plugins.
Preloading 0 native plugins for Editor in 0.00 ms.
Unloading 1808 Unused Serialized files (Serialized files now loaded: 0)
System memory in use before: 88.3 MB.
System memory in use after: 88.3 MB.

Unloading 11 unused Assets to reduce memory usage. Loaded Objects now: 2311.
Total: 1.888000 ms (FindLiveObjects: 0.268900 ms CreateObjectMapping: 0.108500 ms MarkObjects: 1.442000 ms  DeleteObjects: 0.067600 ms)

========================================================================
Received Import Request.
  Time since last request: 140.910132 seconds.
  path: Assets/Animations/ghostIdel.anim
  artifactKey: Guid(0102fbddda7414f4caefa4ca5b908ed7) Importer(815301076,1909f56bfc062723c751e8b465ee728b)
Start importing Assets/Animations/ghostIdel.anim using Guid(0102fbddda7414f4caefa4ca5b908ed7) Importer(815301076,1909f56bfc062723c751e8b465ee728b)  -> (artifact id: 'b1e38fd3a5753b1298c8c118539eecac') in 0.010417 seconds
  Import took 0.012855 seconds .

========================================================================
Received Import Request.
  Time since last request: 0.906308 seconds.
  path: Assets/Animations/ghostSpawn.anim
  artifactKey: Guid(b78f0884a0f9c784dbe32ab249d1c134) Importer(815301076,1909f56bfc062723c751e8b465ee728b)
Start importing Assets/Animations/ghostSpawn.anim using Guid(b78f0884a0f9c784dbe32ab249d1c134) Importer(815301076,1909f56bfc062723c751e8b465ee728b)  -> (artifact id: '6bf341daa5eaea1c6fee2cbae3520c19') in 0.002315 seconds
  Import took 0.004504 seconds .

========================================================================
Received Prepare
Registering precompiled user dll's ...
Registered in 0.000885 seconds.
Begin MonoManager ReloadAssembly
Native extension for WindowsStandalone target not found
Refreshing native plugins compatible for Editor in 0.30 ms, found 1 plugins.
Preloading 0 native plugins for Editor in 0.00 ms.
Invoked RoslynAnalysisRunner static constructor.
RoslynAnalysisRunner will not be running.
RoslynAnalysisRunner has terminated.
Mono: successfully reloaded assembly
- Completed reload, in  0.737 seconds
Platform modules already initialized, skipping
Refreshing native plugins compatible for Editor in 0.29 ms, found 1 plugins.
Preloading 0 native plugins for Editor in 0.00 ms.
Unloading 1808 Unused Serialized files (Serialized files now loaded: 0)
System memory in use before: 88.3 MB.
System memory in use after: 88.3 MB.

Unloading 11 unused Assets to reduce memory usage. Loaded Objects now: 2315.
Total: 1.754200 ms (FindLiveObjects: 0.163200 ms CreateObjectMapping: 0.058100 ms MarkObjects: 1.464800 ms  DeleteObjects: 0.067400 ms)

========================================================================
Received Prepare
Registering precompiled user dll's ...
Registered in 0.000884 seconds.
Begin MonoManager ReloadAssembly
Native extension for WindowsStandalone target not found
Refreshing native plugins compatible for Editor in 0.30 ms, found 1 plugins.
Preloading 0 native plugins for Editor in 0.00 ms.
Invoked RoslynAnalysisRunner static constructor.
RoslynAnalysisRunner will not be running.
RoslynAnalysisRunner has terminated.
Mono: successfully reloaded assembly
- Completed reload, in  0.703 seconds
Platform modules already initialized, skipping
Refreshing native plugins compatible for Editor in 0.31 ms, found 1 plugins.
Preloading 0 native plugins for Editor in 0.00 ms.
Unloading 1808 Unused Serialized files (Serialized files now loaded: 0)
System memory in use before: 88.3 MB.
System memory in use after: 88.3 MB.

Unloading 11 unused Assets to reduce memory usage. Loaded Objects now: 2319.
Total: 1.870600 ms (FindLiveObjects: 0.168900 ms CreateObjectMapping: 0.062200 ms MarkObjects: 1.565500 ms  DeleteObjects: 0.072500 ms)

========================================================================
Received Import Request.
  Time since last request: 53.023234 seconds.
  path: Assets/Animations/Enemy#Ghost.controller
  artifactKey: Guid(87276a485b116d8409837cfb5cb0c1f2) Importer(815301076,1909f56bfc062723c751e8b465ee728b)
Start importing Assets/Animations/Enemy#Ghost.controller using Guid(87276a485b116d8409837cfb5cb0c1f2) Importer(815301076,1909f56bfc062723c751e8b465ee728b)  -> (artifact id: 'f854f7e38a2865269b7607c844f60ac2') in 0.008997 seconds
  Import took 0.011202 seconds .

========================================================================
Received Import Request.
  Time since last request: 1.326152 seconds.
  path: Assets/Animations/Explosion 1.controller
  artifactKey: Guid(297db170fe7dc974693f958b5989f168) Importer(815301076,1909f56bfc062723c751e8b465ee728b)
Start importing Assets/Animations/Explosion 1.controller using Guid(297db170fe7dc974693f958b5989f168) Importer(815301076,1909f56bfc062723c751e8b465ee728b)  -> (artifact id: '922d028268447018047dfbe04653bc77') in 0.002366 seconds
  Import took 0.018724 seconds .

========================================================================
Received Import Request.
  Time since last request: 4.713665 seconds.
  path: Assets/Animations/ghostIdel.anim
  artifactKey: Guid(0102fbddda7414f4caefa4ca5b908ed7) Importer(815301076,1909f56bfc062723c751e8b465ee728b)
Start importing Assets/Animations/ghostIdel.anim using Guid(0102fbddda7414f4caefa4ca5b908ed7) Importer(815301076,1909f56bfc062723c751e8b465ee728b)  -> (artifact id: '2b0e956d9e819840d60d7906c6fa840a') in 0.002580 seconds
  Import took 0.004750 seconds .

========================================================================
Received Prepare
Registering precompiled user dll's ...
Registered in 0.000931 seconds.
Begin MonoManager ReloadAssembly
Native extension for WindowsStandalone target not found
Refreshing native plugins compatible for Editor in 0.34 ms, found 1 plugins.
Preloading 0 native plugins for Editor in 0.00 ms.
Invoked RoslynAnalysisRunner static constructor.
RoslynAnalysisRunner will not be running.
RoslynAnalysisRunner has terminated.
Mono: successfully reloaded assembly
- Completed reload, in  0.886 seconds
Platform modules already initialized, skipping
Refreshing native plugins compatible for Editor in 0.36 ms, found 1 plugins.
Preloading 0 native plugins for Editor in 0.00 ms.
Unloading 1808 Unused Serialized files (Serialized files now loaded: 0)
System memory in use before: 88.3 MB.
System memory in use after: 88.3 MB.

Unloading 11 unused Assets to reduce memory usage. Loaded Objects now: 2323.
Total: 1.895900 ms (FindLiveObjects: 0.175900 ms CreateObjectMapping: 0.072200 ms MarkObjects: 1.559600 ms  DeleteObjects: 0.087000 ms)

========================================================================
Received Prepare
Registering precompiled user dll's ...
Registered in 0.000984 seconds.
Begin MonoManager ReloadAssembly
Native extension for WindowsStandalone target not found
Refreshing native plugins compatible for Editor in 0.32 ms, found 1 plugins.
Preloading 0 native plugins for Editor in 0.00 ms.
Invoked RoslynAnalysisRunner static constructor.
RoslynAnalysisRunner will not be running.
RoslynAnalysisRunner has terminated.
Mono: successfully reloaded assembly
- Completed reload, in  0.824 seconds
Platform modules already initialized, skipping
Refreshing native plugins compatible for Editor in 0.32 ms, found 1 plugins.
Preloading 0 native plugins for Editor in 0.00 ms.
Unloading 1808 Unused Serialized files (Serialized files now loaded: 0)
System memory in use before: 88.3 MB.
System memory in use after: 88.3 MB.

Unloading 11 unused Assets to reduce memory usage. Loaded Objects now: 2327.
Total: 2.071900 ms (FindLiveObjects: 0.211300 ms CreateObjectMapping: 0.081000 ms MarkObjects: 1.695800 ms  DeleteObjects: 0.082400 ms)

========================================================================
Received Prepare
Registering precompiled user dll's ...
Registered in 0.000879 seconds.
Begin MonoManager ReloadAssembly
Native extension for WindowsStandalone target not found
Refreshing native plugins compatible for Editor in 0.30 ms, found 1 plugins.
Preloading 0 native plugins for Editor in 0.00 ms.
Invoked RoslynAnalysisRunner static constructor.
RoslynAnalysisRunner will not be running.
RoslynAnalysisRunner has terminated.
Mono: successfully reloaded assembly
- Completed reload, in  0.723 seconds
Platform modules already initialized, skipping
Refreshing native plugins compatible for Editor in 0.30 ms, found 1 plugins.
Preloading 0 native plugins for Editor in 0.00 ms.
Unloading 1808 Unused Serialized files (Serialized files now loaded: 0)
System memory in use before: 88.3 MB.
System memory in use after: 88.3 MB.

Unloading 11 unused Assets to reduce memory usage. Loaded Objects now: 2331.
Total: 1.749900 ms (FindLiveObjects: 0.136400 ms CreateObjectMapping: 0.055600 ms MarkObjects: 1.455800 ms  DeleteObjects: 0.101500 ms)

========================================================================
Received Prepare
Registering precompiled user dll's ...
Registered in 0.001024 seconds.
Begin MonoManager ReloadAssembly
Native extension for WindowsStandalone target not found
Refreshing native plugins compatible for Editor in 0.34 ms, found 1 plugins.
Preloading 0 native plugins for Editor in 0.00 ms.
Invoked RoslynAnalysisRunner static constructor.
RoslynAnalysisRunner will not be running.
RoslynAnalysisRunner has terminated.
Mono: successfully reloaded assembly
- Completed reload, in  0.833 seconds
Platform modules already initialized, skipping
Refreshing native plugins compatible for Editor in 0.32 ms, found 1 plugins.
Preloading 0 native plugins for Editor in 0.00 ms.
Unloading 1808 Unused Serialized files (Serialized files now loaded: 0)
System memory in use before: 88.3 MB.
System memory in use after: 88.3 MB.

Unloading 11 unused Assets to reduce memory usage. Loaded Objects now: 2335.
Total: 2.044600 ms (FindLiveObjects: 0.183700 ms CreateObjectMapping: 0.080600 ms MarkObjects: 1.696900 ms  DeleteObjects: 0.082500 ms)

========================================================================
Received Prepare
Registering precompiled user dll's ...
Registered in 0.001220 seconds.
Begin MonoManager ReloadAssembly
Native extension for WindowsStandalone target not found
Refreshing native plugins compatible for Editor in 0.37 ms, found 1 plugins.
Preloading 0 native plugins for Editor in 0.00 ms.
Invoked RoslynAnalysisRunner static constructor.
RoslynAnalysisRunner will not be running.
RoslynAnalysisRunner has terminated.
Mono: successfully reloaded assembly
- Completed reload, in  0.986 seconds
Platform modules already initialized, skipping
Refreshing native plugins compatible for Editor in 0.34 ms, found 1 plugins.
Preloading 0 native plugins for Editor in 0.00 ms.
Unloading 1808 Unused Serialized files (Serialized files now loaded: 0)
System memory in use before: 88.3 MB.
System memory in use after: 88.4 MB.

Unloading 11 unused Assets to reduce memory usage. Loaded Objects now: 2339.
Total: 1.959200 ms (FindLiveObjects: 0.176200 ms CreateObjectMapping: 0.076600 ms MarkObjects: 1.619900 ms  DeleteObjects: 0.085600 ms)

========================================================================
Received Prepare
Registering precompiled user dll's ...
Registered in 0.001251 seconds.
Begin MonoManager ReloadAssembly
Native extension for WindowsStandalone target not found
Refreshing native plugins compatible for Editor in 0.36 ms, found 1 plugins.
Preloading 0 native plugins for Editor in 0.00 ms.
Invoked RoslynAnalysisRunner static constructor.
RoslynAnalysisRunner will not be running.
RoslynAnalysisRunner has terminated.
Mono: successfully reloaded assembly
- Completed reload, in  1.031 seconds
Platform modules already initialized, skipping
Refreshing native plugins compatible for Editor in 0.39 ms, found 1 plugins.
Preloading 0 native plugins for Editor in 0.00 ms.
Unloading 1808 Unused Serialized files (Serialized files now loaded: 0)
System memory in use before: 88.3 MB.
System memory in use after: 88.4 MB.

Unloading 11 unused Assets to reduce memory usage. Loaded Objects now: 2343.
Total: 2.308700 ms (FindLiveObjects: 0.270400 ms CreateObjectMapping: 0.105400 ms MarkObjects: 1.846400 ms  DeleteObjects: 0.085600 ms)

========================================================================
Received Prepare
Registering precompiled user dll's ...
Registered in 0.000870 seconds.
Begin MonoManager ReloadAssembly
Native extension for WindowsStandalone target not found
Refreshing native plugins compatible for Editor in 0.30 ms, found 1 plugins.
Preloading 0 native plugins for Editor in 0.00 ms.
Invoked RoslynAnalysisRunner static constructor.
RoslynAnalysisRunner will not be running.
RoslynAnalysisRunner has terminated.
Mono: successfully reloaded assembly
- Completed reload, in  0.742 seconds
Platform modules already initialized, skipping
Refreshing native plugins compatible for Editor in 0.29 ms, found 1 plugins.
Preloading 0 native plugins for Editor in 0.00 ms.
Unloading 1808 Unused Serialized files (Serialized files now loaded: 0)
System memory in use before: 88.3 MB.
System memory in use after: 88.4 MB.

Unloading 11 unused Assets to reduce memory usage. Loaded Objects now: 2347.
Total: 1.510900 ms (FindLiveObjects: 0.154400 ms CreateObjectMapping: 0.057900 ms MarkObjects: 1.234100 ms  DeleteObjects: 0.063700 ms)

========================================================================
Received Prepare
Registering precompiled user dll's ...
Registered in 0.000869 seconds.
Begin MonoManager ReloadAssembly
Native extension for WindowsStandalone target not found
Refreshing native plugins compatible for Editor in 0.30 ms, found 1 plugins.
Preloading 0 native plugins for Editor in 0.00 ms.
Invoked RoslynAnalysisRunner static constructor.
RoslynAnalysisRunner will not be running.
RoslynAnalysisRunner has terminated.
Mono: successfully reloaded assembly
- Completed reload, in  0.665 seconds
Platform modules already initialized, skipping
Refreshing native plugins compatible for Editor in 0.25 ms, found 1 plugins.
Preloading 0 native plugins for Editor in 0.00 ms.
Unloading 1808 Unused Serialized files (Serialized files now loaded: 0)
System memory in use before: 88.3 MB.
System memory in use after: 88.4 MB.

Unloading 11 unused Assets to reduce memory usage. Loaded Objects now: 2351.
Total: 1.463000 ms (FindLiveObjects: 0.153800 ms CreateObjectMapping: 0.053600 ms MarkObjects: 1.195800 ms  DeleteObjects: 0.059300 ms)

========================================================================
Received Prepare
Registering precompiled user dll's ...
Registered in 0.000861 seconds.
Begin MonoManager ReloadAssembly
Native extension for WindowsStandalone target not found
Refreshing native plugins compatible for Editor in 0.28 ms, found 1 plugins.
Preloading 0 native plugins for Editor in 0.00 ms.
Invoked RoslynAnalysisRunner static constructor.
RoslynAnalysisRunner will not be running.
RoslynAnalysisRunner has terminated.
Mono: successfully reloaded assembly
- Completed reload, in  0.700 seconds
Platform modules already initialized, skipping
Refreshing native plugins compatible for Editor in 0.30 ms, found 1 plugins.
Preloading 0 native plugins for Editor in 0.00 ms.
Unloading 1809 Unused Serialized files (Serialized files now loaded: 0)
System memory in use before: 88.4 MB.
System memory in use after: 88.4 MB.

Unloading 11 unused Assets to reduce memory usage. Loaded Objects now: 2356.
Total: 1.969200 ms (FindLiveObjects: 0.289600 ms CreateObjectMapping: 0.120900 ms MarkObjects: 1.485100 ms  DeleteObjects: 0.073000 ms)

========================================================================
Received Import Request.
  Time since last request: 769.386077 seconds.
  path: Assets/Scripts/GhostMovement.cs
  artifactKey: Guid(2e81eccdbfc3e964ba314656302bb400) Importer(815301076,1909f56bfc062723c751e8b465ee728b)
Start importing Assets/Scripts/GhostMovement.cs using Guid(2e81eccdbfc3e964ba314656302bb400) Importer(815301076,1909f56bfc062723c751e8b465ee728b)  -> (artifact id: '3847f2b97c83ef7ff08802b297d39b71') in 0.003400 seconds
  Import took 0.005500 seconds .

========================================================================
Received Prepare
Registering precompiled user dll's ...
Registered in 0.000980 seconds.
Begin MonoManager ReloadAssembly
Native extension for WindowsStandalone target not found
Refreshing native plugins compatible for Editor in 0.30 ms, found 1 plugins.
Preloading 0 native plugins for Editor in 0.00 ms.
Invoked RoslynAnalysisRunner static constructor.
RoslynAnalysisRunner will not be running.
RoslynAnalysisRunner has terminated.
Mono: successfully reloaded assembly
- Completed reload, in  0.738 seconds
Platform modules already initialized, skipping
Refreshing native plugins compatible for Editor in 0.29 ms, found 1 plugins.
Preloading 0 native plugins for Editor in 0.00 ms.
Unloading 1809 Unused Serialized files (Serialized files now loaded: 0)
System memory in use before: 88.4 MB.
System memory in use after: 88.4 MB.

Unloading 11 unused Assets to reduce memory usage. Loaded Objects now: 2360.
Total: 1.607900 ms (FindLiveObjects: 0.141500 ms CreateObjectMapping: 0.047400 ms MarkObjects: 1.359200 ms  DeleteObjects: 0.059200 ms)

========================================================================
Received Prepare
Registering precompiled user dll's ...
Registered in 0.000969 seconds.
Begin MonoManager ReloadAssembly
Native extension for WindowsStandalone target not found
Refreshing native plugins compatible for Editor in 0.29 ms, found 1 plugins.
Preloading 0 native plugins for Editor in 0.00 ms.
Invoked RoslynAnalysisRunner static constructor.
RoslynAnalysisRunner will not be running.
RoslynAnalysisRunner has terminated.
Mono: successfully reloaded assembly
- Completed reload, in  0.704 seconds
Platform modules already initialized, skipping
Refreshing native plugins compatible for Editor in 0.29 ms, found 1 plugins.
Preloading 0 native plugins for Editor in 0.00 ms.
Unloading 1809 Unused Serialized files (Serialized files now loaded: 0)
System memory in use before: 88.4 MB.
System memory in use after: 88.4 MB.

Unloading 11 unused Assets to reduce memory usage. Loaded Objects now: 2364.
Total: 1.482700 ms (FindLiveObjects: 0.172000 ms CreateObjectMapping: 0.055000 ms MarkObjects: 1.195500 ms  DeleteObjects: 0.059400 ms)

========================================================================
Received Import Request.
  Time since last request: 48.486639 seconds.
  path: Assets/Scripts/GhostMovement.cs
  artifactKey: Guid(2e81eccdbfc3e964ba314656302bb400) Importer(815301076,1909f56bfc062723c751e8b465ee728b)
Start importing Assets/Scripts/GhostMovement.cs using Guid(2e81eccdbfc3e964ba314656302bb400) Importer(815301076,1909f56bfc062723c751e8b465ee728b)  -> (artifact id: 'b0c2a23b3ad29ae3dcd71f1a4f46ceef') in 0.002971 seconds
  Import took 0.004833 seconds .

========================================================================
Received Prepare
Registering precompiled user dll's ...
Registered in 0.001312 seconds.
Begin MonoManager ReloadAssembly
Native extension for WindowsStandalone target not found
Refreshing native plugins compatible for Editor in 0.36 ms, found 1 plugins.
Preloading 0 native plugins for Editor in 0.00 ms.
Invoked RoslynAnalysisRunner static constructor.
RoslynAnalysisRunner will not be running.
RoslynAnalysisRunner has terminated.
Mono: successfully reloaded assembly
- Completed reload, in  0.923 seconds
Platform modules already initialized, skipping
Refreshing native plugins compatible for Editor in 0.34 ms, found 1 plugins.
Preloading 0 native plugins for Editor in 0.00 ms.
Unloading 1809 Unused Serialized files (Serialized files now loaded: 0)
System memory in use before: 88.4 MB.
System memory in use after: 88.4 MB.

Unloading 11 unused Assets to reduce memory usage. Loaded Objects now: 2368.
Total: 2.118000 ms (FindLiveObjects: 0.206100 ms CreateObjectMapping: 0.073900 ms MarkObjects: 1.755800 ms  DeleteObjects: 0.081400 ms)

========================================================================
Received Prepare
Registering precompiled user dll's ...
Registered in 0.000871 seconds.
Begin MonoManager ReloadAssembly
Native extension for WindowsStandalone target not found
Refreshing native plugins compatible for Editor in 0.31 ms, found 1 plugins.
Preloading 0 native plugins for Editor in 0.00 ms.
Invoked RoslynAnalysisRunner static constructor.
RoslynAnalysisRunner will not be running.
RoslynAnalysisRunner has terminated.
Mono: successfully reloaded assembly
- Completed reload, in  0.690 seconds
Platform modules already initialized, skipping
Refreshing native plugins compatible for Editor in 0.29 ms, found 1 plugins.
Preloading 0 native plugins for Editor in 0.00 ms.
Unloading 1809 Unused Serialized files (Serialized files now loaded: 0)
System memory in use before: 88.4 MB.
System memory in use after: 88.4 MB.

Unloading 11 unused Assets to reduce memory usage. Loaded Objects now: 2372.
Total: 1.518000 ms (FindLiveObjects: 0.142300 ms CreateObjectMapping: 0.057300 ms MarkObjects: 1.257300 ms  DeleteObjects: 0.060400 ms)

========================================================================
Received Prepare
Registering precompiled user dll's ...
Registered in 0.000997 seconds.
Begin MonoManager ReloadAssembly
Native extension for WindowsStandalone target not found
Refreshing native plugins compatible for Editor in 0.33 ms, found 1 plugins.
Preloading 0 native plugins for Editor in 0.00 ms.
Invoked RoslynAnalysisRunner static constructor.
RoslynAnalysisRunner will not be running.
RoslynAnalysisRunner has terminated.
Mono: successfully reloaded assembly
- Completed reload, in  0.715 seconds
Platform modules already initialized, skipping
Refreshing native plugins compatible for Editor in 0.31 ms, found 1 plugins.
Preloading 0 native plugins for Editor in 0.00 ms.
Unloading 1809 Unused Serialized files (Serialized files now loaded: 0)
System memory in use before: 88.4 MB.
System memory in use after: 88.4 MB.

Unloading 11 unused Assets to reduce memory usage. Loaded Objects now: 2376.
Total: 1.433600 ms (FindLiveObjects: 0.144100 ms CreateObjectMapping: 0.057300 ms MarkObjects: 1.164100 ms  DeleteObjects: 0.067600 ms)

========================================================================
Received Prepare
Registering precompiled user dll's ...
Registered in 0.001201 seconds.
Begin MonoManager ReloadAssembly
Native extension for WindowsStandalone target not found
Refreshing native plugins compatible for Editor in 0.33 ms, found 1 plugins.
Preloading 0 native plugins for Editor in 0.00 ms.
Invoked RoslynAnalysisRunner static constructor.
RoslynAnalysisRunner will not be running.
RoslynAnalysisRunner has terminated.
Mono: successfully reloaded assembly
- Completed reload, in  0.928 seconds
Platform modules already initialized, skipping
Refreshing native plugins compatible for Editor in 0.37 ms, found 1 plugins.
Preloading 0 native plugins for Editor in 0.00 ms.
Unloading 1809 Unused Serialized files (Serialized files now loaded: 0)
System memory in use before: 88.4 MB.
System memory in use after: 88.5 MB.

Unloading 11 unused Assets to reduce memory usage. Loaded Objects now: 2380.
Total: 1.998200 ms (FindLiveObjects: 0.196500 ms CreateObjectMapping: 0.078300 ms MarkObjects: 1.626900 ms  DeleteObjects: 0.094900 ms)

========================================================================
Received Prepare
Registering precompiled user dll's ...
Registered in 0.001248 seconds.
Begin MonoManager ReloadAssembly
Native extension for WindowsStandalone target not found
Refreshing native plugins compatible for Editor in 0.34 ms, found 1 plugins.
Preloading 0 native plugins for Editor in 0.00 ms.
Invoked RoslynAnalysisRunner static constructor.
RoslynAnalysisRunner will not be running.
RoslynAnalysisRunner has terminated.
Mono: successfully reloaded assembly
- Completed reload, in  0.903 seconds
Platform modules already initialized, skipping
Refreshing native plugins compatible for Editor in 0.34 ms, found 1 plugins.
Preloading 0 native plugins for Editor in 0.00 ms.
Unloading 1809 Unused Serialized files (Serialized files now loaded: 0)
System memory in use before: 88.4 MB.
System memory in use after: 88.5 MB.

Unloading 11 unused Assets to reduce memory usage. Loaded Objects now: 2384.
Total: 2.124300 ms (FindLiveObjects: 0.206800 ms CreateObjectMapping: 0.076900 ms MarkObjects: 1.748000 ms  DeleteObjects: 0.091700 ms)

========================================================================
Received Prepare
Registering precompiled user dll's ...
Registered in 0.000866 seconds.
Begin MonoManager ReloadAssembly
Native extension for WindowsStandalone target not found
Refreshing native plugins compatible for Editor in 0.30 ms, found 1 plugins.
Preloading 0 native plugins for Editor in 0.00 ms.
Invoked RoslynAnalysisRunner static constructor.
RoslynAnalysisRunner will not be running.
RoslynAnalysisRunner has terminated.
Mono: successfully reloaded assembly
- Completed reload, in  0.727 seconds
Platform modules already initialized, skipping
Refreshing native plugins compatible for Editor in 0.28 ms, found 1 plugins.
Preloading 0 native plugins for Editor in 0.00 ms.
Unloading 1809 Unused Serialized files (Serialized files now loaded: 0)
System memory in use before: 88.4 MB.
System memory in use after: 88.5 MB.

Unloading 11 unused Assets to reduce memory usage. Loaded Objects now: 2388.
Total: 1.606900 ms (FindLiveObjects: 0.186500 ms CreateObjectMapping: 0.065000 ms MarkObjects: 1.289900 ms  DeleteObjects: 0.064700 ms)

========================================================================
Received Import Request.
  Time since last request: 212.016849 seconds.
  path: Assets/Animations/ExplosionHorizontal.controller
  artifactKey: Guid(cab6798378203ef43a87cb9fdb9ba1b1) Importer(815301076,1909f56bfc062723c751e8b465ee728b)
Start importing Assets/Animations/ExplosionHorizontal.controller using Guid(cab6798378203ef43a87cb9fdb9ba1b1) Importer(815301076,1909f56bfc062723c751e8b465ee728b)  -> (artifact id: '42656e03290f64cb96515453c758123c') in 0.012783 seconds
  Import took 0.015878 seconds .

========================================================================
Received Prepare
Registering precompiled user dll's ...
Registered in 0.000826 seconds.
Begin MonoManager ReloadAssembly
Native extension for WindowsStandalone target not found
Refreshing native plugins compatible for Editor in 0.32 ms, found 1 plugins.
Preloading 0 native plugins for Editor in 0.00 ms.
Invoked RoslynAnalysisRunner static constructor.
RoslynAnalysisRunner will not be running.
RoslynAnalysisRunner has terminated.
Mono: successfully reloaded assembly
- Completed reload, in  0.772 seconds
Platform modules already initialized, skipping
Refreshing native plugins compatible for Editor in 0.32 ms, found 1 plugins.
Preloading 0 native plugins for Editor in 0.00 ms.
Unloading 1809 Unused Serialized files (Serialized files now loaded: 0)
System memory in use before: 88.5 MB.
System memory in use after: 88.5 MB.

Unloading 11 unused Assets to reduce memory usage. Loaded Objects now: 2392.
Total: 1.910600 ms (FindLiveObjects: 0.156200 ms CreateObjectMapping: 0.062300 ms MarkObjects: 1.616900 ms  DeleteObjects: 0.074300 ms)

========================================================================
Received Prepare
Registering precompiled user dll's ...
Registered in 0.000937 seconds.
Begin MonoManager ReloadAssembly
Native extension for WindowsStandalone target not found
Refreshing native plugins compatible for Editor in 0.34 ms, found 1 plugins.
Preloading 0 native plugins for Editor in 0.00 ms.
Invoked RoslynAnalysisRunner static constructor.
RoslynAnalysisRunner will not be running.
RoslynAnalysisRunner has terminated.
Mono: successfully reloaded assembly
- Completed reload, in  0.664 seconds
Platform modules already initialized, skipping
Refreshing native plugins compatible for Editor in 0.28 ms, found 1 plugins.
Preloading 0 native plugins for Editor in 0.00 ms.
Unloading 1809 Unused Serialized files (Serialized files now loaded: 0)
System memory in use before: 88.5 MB.
System memory in use after: 88.5 MB.

Unloading 11 unused Assets to reduce memory usage. Loaded Objects now: 2396.
Total: 1.649200 ms (FindLiveObjects: 0.163100 ms CreateObjectMapping: 0.063200 ms MarkObjects: 1.361800 ms  DeleteObjects: 0.060400 ms)

========================================================================
Received Prepare
Registering precompiled user dll's ...
Registered in 0.000891 seconds.
Begin MonoManager ReloadAssembly
Native extension for WindowsStandalone target not found
Refreshing native plugins compatible for Editor in 0.31 ms, found 1 plugins.
Preloading 0 native plugins for Editor in 0.00 ms.
Invoked RoslynAnalysisRunner static constructor.
RoslynAnalysisRunner will not be running.
RoslynAnalysisRunner has terminated.
Mono: successfully reloaded assembly
- Completed reload, in  0.833 seconds
Platform modules already initialized, skipping
Refreshing native plugins compatible for Editor in 0.42 ms, found 1 plugins.
Preloading 0 native plugins for Editor in 0.00 ms.
Unloading 1809 Unused Serialized files (Serialized files now loaded: 0)
System memory in use before: 88.5 MB.
System memory in use after: 88.5 MB.

Unloading 11 unused Assets to reduce memory usage. Loaded Objects now: 2400.
Total: 2.212100 ms (FindLiveObjects: 0.207300 ms CreateObjectMapping: 0.082700 ms MarkObjects: 1.819100 ms  DeleteObjects: 0.101900 ms)

========================================================================
Received Prepare
Registering precompiled user dll's ...
Registered in 0.000886 seconds.
Begin MonoManager ReloadAssembly
Native extension for WindowsStandalone target not found
Refreshing native plugins compatible for Editor in 0.28 ms, found 1 plugins.
Preloading 0 native plugins for Editor in 0.00 ms.
Invoked RoslynAnalysisRunner static constructor.
RoslynAnalysisRunner will not be running.
RoslynAnalysisRunner has terminated.
Mono: successfully reloaded assembly
- Completed reload, in  0.708 seconds
Platform modules already initialized, skipping
Refreshing native plugins compatible for Editor in 0.53 ms, found 1 plugins.
Preloading 0 native plugins for Editor in 0.00 ms.
Unloading 1809 Unused Serialized files (Serialized files now loaded: 0)
System memory in use before: 88.5 MB.
System memory in use after: 88.5 MB.

Unloading 11 unused Assets to reduce memory usage. Loaded Objects now: 2404.
Total: 1.822300 ms (FindLiveObjects: 0.264400 ms CreateObjectMapping: 0.121500 ms MarkObjects: 1.360400 ms  DeleteObjects: 0.074700 ms)

========================================================================
Received Prepare
Registering precompiled user dll's ...
Registered in 0.000971 seconds.
Begin MonoManager ReloadAssembly
Native extension for WindowsStandalone target not found
Refreshing native plugins compatible for Editor in 0.35 ms, found 1 plugins.
Preloading 0 native plugins for Editor in 0.00 ms.
Invoked RoslynAnalysisRunner static constructor.
RoslynAnalysisRunner will not be running.
RoslynAnalysisRunner has terminated.
Mono: successfully reloaded assembly
- Completed reload, in  0.902 seconds
Platform modules already initialized, skipping
Refreshing native plugins compatible for Editor in 0.36 ms, found 1 plugins.
Preloading 0 native plugins for Editor in 0.00 ms.
Unloading 1809 Unused Serialized files (Serialized files now loaded: 0)
System memory in use before: 88.5 MB.
System memory in use after: 88.5 MB.

Unloading 11 unused Assets to reduce memory usage. Loaded Objects now: 2408.
Total: 1.907800 ms (FindLiveObjects: 0.173500 ms CreateObjectMapping: 0.074000 ms MarkObjects: 1.579700 ms  DeleteObjects: 0.079700 ms)

========================================================================
Received Prepare
Registering precompiled user dll's ...
Registered in 0.001299 seconds.
Begin MonoManager ReloadAssembly
Native extension for WindowsStandalone target not found
Refreshing native plugins compatible for Editor in 0.34 ms, found 1 plugins.
Preloading 0 native plugins for Editor in 0.00 ms.
Invoked RoslynAnalysisRunner static constructor.
RoslynAnalysisRunner will not be running.
RoslynAnalysisRunner has terminated.
Mono: successfully reloaded assembly
- Completed reload, in  0.929 seconds
Platform modules already initialized, skipping
Refreshing native plugins compatible for Editor in 0.37 ms, found 1 plugins.
Preloading 0 native plugins for Editor in 0.00 ms.
Unloading 1809 Unused Serialized files (Serialized files now loaded: 0)
System memory in use before: 88.5 MB.
System memory in use after: 88.5 MB.

Unloading 11 unused Assets to reduce memory usage. Loaded Objects now: 2412.
Total: 1.964200 ms (FindLiveObjects: 0.185100 ms CreateObjectMapping: 0.080100 ms MarkObjects: 1.619300 ms  DeleteObjects: 0.078900 ms)

========================================================================
Received Import Request.
  Time since last request: 569.962486 seconds.
  path: Assets/Animations/ghostMoveLeft.anim
  artifactKey: Guid(b791095ca77b59e44a1a0c4c1307b25d) Importer(815301076,1909f56bfc062723c751e8b465ee728b)
Start importing Assets/Animations/ghostMoveLeft.anim using Guid(b791095ca77b59e44a1a0c4c1307b25d) Importer(815301076,1909f56bfc062723c751e8b465ee728b)  -> (artifact id: 'bf87794de5b22069cfdc25f765a63cea') in 0.009427 seconds
  Import took 0.026255 seconds .

========================================================================
Received Prepare
Registering precompiled user dll's ...
Registered in 0.001242 seconds.
Begin MonoManager ReloadAssembly
Native extension for WindowsStandalone target not found
Refreshing native plugins compatible for Editor in 0.37 ms, found 1 plugins.
Preloading 0 native plugins for Editor in 0.00 ms.
Invoked RoslynAnalysisRunner static constructor.
RoslynAnalysisRunner will not be running.
RoslynAnalysisRunner has terminated.
Mono: successfully reloaded assembly
- Completed reload, in  0.982 seconds
Platform modules already initialized, skipping
Refreshing native plugins compatible for Editor in 0.36 ms, found 1 plugins.
Preloading 0 native plugins for Editor in 0.00 ms.
Unloading 1809 Unused Serialized files (Serialized files now loaded: 0)
System memory in use before: 88.5 MB.
System memory in use after: 88.5 MB.

Unloading 11 unused Assets to reduce memory usage. Loaded Objects now: 2416.
Total: 2.252600 ms (FindLiveObjects: 0.204600 ms CreateObjectMapping: 0.085300 ms MarkObjects: 1.869000 ms  DeleteObjects: 0.092600 ms)

========================================================================
Received Prepare
Registering precompiled user dll's ...
Registered in 0.001066 seconds.
Begin MonoManager ReloadAssembly
Native extension for WindowsStandalone target not found
Refreshing native plugins compatible for Editor in 0.34 ms, found 1 plugins.
Preloading 0 native plugins for Editor in 0.00 ms.
Invoked RoslynAnalysisRunner static constructor.
RoslynAnalysisRunner will not be running.
RoslynAnalysisRunner has terminated.
Mono: successfully reloaded assembly
- Completed reload, in  0.823 seconds
Platform modules already initialized, skipping
Refreshing native plugins compatible for Editor in 0.32 ms, found 1 plugins.
Preloading 0 native plugins for Editor in 0.00 ms.
Unloading 1809 Unused Serialized files (Serialized files now loaded: 0)
System memory in use before: 88.5 MB.
System memory in use after: 88.5 MB.

Unloading 11 unused Assets to reduce memory usage. Loaded Objects now: 2420.
Total: 1.970600 ms (FindLiveObjects: 0.169100 ms CreateObjectMapping: 0.067100 ms MarkObjects: 1.652900 ms  DeleteObjects: 0.080600 ms)

========================================================================
Received Prepare
Registering precompiled user dll's ...
Registered in 0.001212 seconds.
Begin MonoManager ReloadAssembly
Native extension for WindowsStandalone target not found
Refreshing native plugins compatible for Editor in 0.35 ms, found 1 plugins.
Preloading 0 native plugins for Editor in 0.00 ms.
Invoked RoslynAnalysisRunner static constructor.
RoslynAnalysisRunner will not be running.
RoslynAnalysisRunner has terminated.
Mono: successfully reloaded assembly
- Completed reload, in  0.927 seconds
Platform modules already initialized, skipping
Refreshing native plugins compatible for Editor in 0.32 ms, found 1 plugins.
Preloading 0 native plugins for Editor in 0.00 ms.
Unloading 1809 Unused Serialized files (Serialized files now loaded: 0)
System memory in use before: 88.5 MB.
System memory in use after: 88.6 MB.

Unloading 11 unused Assets to reduce memory usage. Loaded Objects now: 2424.
Total: 2.206100 ms (FindLiveObjects: 0.181200 ms CreateObjectMapping: 0.071400 ms MarkObjects: 1.868900 ms  DeleteObjects: 0.083200 ms)

========================================================================
Received Prepare
Registering precompiled user dll's ...
Registered in 0.000919 seconds.
Begin MonoManager ReloadAssembly
Native extension for WindowsStandalone target not found
Refreshing native plugins compatible for Editor in 0.31 ms, found 1 plugins.
Preloading 0 native plugins for Editor in 0.00 ms.
Invoked RoslynAnalysisRunner static constructor.
RoslynAnalysisRunner will not be running.
RoslynAnalysisRunner has terminated.
Mono: successfully reloaded assembly
- Completed reload, in  0.794 seconds
Platform modules already initialized, skipping
Refreshing native plugins compatible for Editor in 0.31 ms, found 1 plugins.
Preloading 0 native plugins for Editor in 0.00 ms.
Unloading 1809 Unused Serialized files (Serialized files now loaded: 0)
System memory in use before: 88.5 MB.
System memory in use after: 88.6 MB.

Unloading 11 unused Assets to reduce memory usage. Loaded Objects now: 2428.
Total: 1.885400 ms (FindLiveObjects: 0.178400 ms CreateObjectMapping: 0.064700 ms MarkObjects: 1.566900 ms  DeleteObjects: 0.074800 ms)

========================================================================
Received Prepare
Registering precompiled user dll's ...
Registered in 0.001150 seconds.
Begin MonoManager ReloadAssembly
Native extension for WindowsStandalone target not found
Refreshing native plugins compatible for Editor in 0.31 ms, found 1 plugins.
Preloading 0 native plugins for Editor in 0.00 ms.
Invoked RoslynAnalysisRunner static constructor.
RoslynAnalysisRunner will not be running.
RoslynAnalysisRunner has terminated.
Mono: successfully reloaded assembly
- Completed reload, in  0.702 seconds
Platform modules already initialized, skipping
Refreshing native plugins compatible for Editor in 0.28 ms, found 1 plugins.
Preloading 0 native plugins for Editor in 0.00 ms.
Unloading 1809 Unused Serialized files (Serialized files now loaded: 0)
System memory in use before: 88.5 MB.
System memory in use after: 88.6 MB.

Unloading 11 unused Assets to reduce memory usage. Loaded Objects now: 2432.
Total: 1.592400 ms (FindLiveObjects: 0.159000 ms CreateObjectMapping: 0.063600 ms MarkObjects: 1.304700 ms  DeleteObjects: 0.064400 ms)

========================================================================
Received Prepare
Registering precompiled user dll's ...
Registered in 0.000862 seconds.
Begin MonoManager ReloadAssembly
Native extension for WindowsStandalone target not found
Refreshing native plugins compatible for Editor in 0.36 ms, found 1 plugins.
Preloading 0 native plugins for Editor in 0.00 ms.
Invoked RoslynAnalysisRunner static constructor.
RoslynAnalysisRunner will not be running.
RoslynAnalysisRunner has terminated.
Mono: successfully reloaded assembly
- Completed reload, in  0.852 seconds
Platform modules already initialized, skipping
Refreshing native plugins compatible for Editor in 0.34 ms, found 1 plugins.
Preloading 0 native plugins for Editor in 0.00 ms.
Unloading 1809 Unused Serialized files (Serialized files now loaded: 0)
System memory in use before: 88.5 MB.
System memory in use after: 88.6 MB.

Unloading 11 unused Assets to reduce memory usage. Loaded Objects now: 2436.
Total: 1.833300 ms (FindLiveObjects: 0.172100 ms CreateObjectMapping: 0.067900 ms MarkObjects: 1.509900 ms  DeleteObjects: 0.082600 ms)

========================================================================
Received Prepare
Registering precompiled user dll's ...
Registered in 0.001093 seconds.
Begin MonoManager ReloadAssembly
Native extension for WindowsStandalone target not found
Refreshing native plugins compatible for Editor in 0.35 ms, found 1 plugins.
Preloading 0 native plugins for Editor in 0.00 ms.
Invoked RoslynAnalysisRunner static constructor.
RoslynAnalysisRunner will not be running.
RoslynAnalysisRunner has terminated.
Mono: successfully reloaded assembly
- Completed reload, in  0.777 seconds
Platform modules already initialized, skipping
Refreshing native plugins compatible for Editor in 0.32 ms, found 1 plugins.
Preloading 0 native plugins for Editor in 0.00 ms.
Unloading 1809 Unused Serialized files (Serialized files now loaded: 0)
System memory in use before: 88.6 MB.
System memory in use after: 88.6 MB.

Unloading 11 unused Assets to reduce memory usage. Loaded Objects now: 2440.
Total: 1.675600 ms (FindLiveObjects: 0.179100 ms CreateObjectMapping: 0.063900 ms MarkObjects: 1.355900 ms  DeleteObjects: 0.076000 ms)

========================================================================
Received Import Request.
  Time since last request: 828.205265 seconds.
  path: Assets/Enemies/pd4.png
  artifactKey: Guid(349e86f87e3472f43bf1f384f37f699a) Importer(815301076,1909f56bfc062723c751e8b465ee728b)
Start importing Assets/Enemies/pd4.png using Guid(349e86f87e3472f43bf1f384f37f699a) Importer(815301076,1909f56bfc062723c751e8b465ee728b)  -> (artifact id: '783fcd508f11cfbb2c13bc817be0a324') in 0.037903 seconds
  Import took 0.040202 seconds .

========================================================================
Received Import Request.
  Time since last request: 0.000193 seconds.
  path: Assets/Enemies/pd6.png
  artifactKey: Guid(642d459b6e6a0814fb497a9e77987ae4) Importer(815301076,1909f56bfc062723c751e8b465ee728b)
Start importing Assets/Enemies/pd6.png using Guid(642d459b6e6a0814fb497a9e77987ae4) Importer(815301076,1909f56bfc062723c751e8b465ee728b)  -> (artifact id: 'ebd6ddc9c76928d82770f3d9a8322038') in 0.005486 seconds
  Import took 0.007200 seconds .

========================================================================
Received Import Request.
  Time since last request: 0.000170 seconds.
  path: Assets/Enemies/pd5.png
  artifactKey: Guid(7042f198882926144b761c887f08e5cc) Importer(815301076,1909f56bfc062723c751e8b465ee728b)
Start importing Assets/Enemies/pd5.png using Guid(7042f198882926144b761c887f08e5cc) Importer(815301076,1909f56bfc062723c751e8b465ee728b)  -> (artifact id: 'e36adb9ea9f00ae0b86e5a803d058105') in 0.005579 seconds
  Import took 0.007257 seconds .

========================================================================
Received Import Request.
  Time since last request: 22.454916 seconds.
  path: Assets/Enemies/pd4.png
  artifactKey: Guid(349e86f87e3472f43bf1f384f37f699a) Importer(815301076,1909f56bfc062723c751e8b465ee728b)
Start importing Assets/Enemies/pd4.png using Guid(349e86f87e3472f43bf1f384f37f699a) Importer(815301076,1909f56bfc062723c751e8b465ee728b)  -> (artifact id: 'dc883396af1d5cf282d84141dccfc400') in 0.008973 seconds
  Import took 0.011566 seconds .

========================================================================
Received Import Request.
  Time since last request: 0.000163 seconds.
  path: Assets/Enemies/pd6.png
  artifactKey: Guid(642d459b6e6a0814fb497a9e77987ae4) Importer(815301076,1909f56bfc062723c751e8b465ee728b)
Start importing Assets/Enemies/pd6.png using Guid(642d459b6e6a0814fb497a9e77987ae4) Importer(815301076,1909f56bfc062723c751e8b465ee728b)  -> (artifact id: '3d2a8b7de93da09139088fa2abc6247f') in 0.013860 seconds
  Import took 0.016410 seconds .

========================================================================
Received Import Request.
  Time since last request: 0.000175 seconds.
  path: Assets/Enemies/pd5.png
  artifactKey: Guid(7042f198882926144b761c887f08e5cc) Importer(815301076,1909f56bfc062723c751e8b465ee728b)
Start importing Assets/Enemies/pd5.png using Guid(7042f198882926144b761c887f08e5cc) Importer(815301076,1909f56bfc062723c751e8b465ee728b)  -> (artifact id: '3eda276ebfc3642f030505d574105f80') in 0.012685 seconds
  Import took 0.015290 seconds .

========================================================================
Received Prepare
Registering precompiled user dll's ...
Registered in 0.000897 seconds.
Begin MonoManager ReloadAssembly
Native extension for WindowsStandalone target not found
Refreshing native plugins compatible for Editor in 0.32 ms, found 1 plugins.
Preloading 0 native plugins for Editor in 0.00 ms.
Invoked RoslynAnalysisRunner static constructor.
RoslynAnalysisRunner will not be running.
RoslynAnalysisRunner has terminated.
Mono: successfully reloaded assembly
- Completed reload, in  0.776 seconds
Platform modules already initialized, skipping
Refreshing native plugins compatible for Editor in 0.38 ms, found 1 plugins.
Preloading 0 native plugins for Editor in 0.00 ms.
Unloading 1809 Unused Serialized files (Serialized files now loaded: 0)
System memory in use before: 88.6 MB.
System memory in use after: 88.6 MB.

Unloading 11 unused Assets to reduce memory usage. Loaded Objects now: 2447.
Total: 1.710500 ms (FindLiveObjects: 0.178300 ms CreateObjectMapping: 0.074500 ms MarkObjects: 1.382500 ms  DeleteObjects: 0.074400 ms)

AssetImportWorkerClient::OnTransportError - code=2 error=End of file
